<?xml version="1.0" encoding="UTF-8" ?>
<testsuite failures="0" time="0.002" errors="0" skipped="0" tests="2" name="com.u14n.aspects.VerbosenessTest">
  <properties>
    <property name="java.runtime.name" value="Java(TM) SE Runtime Environment"/>
    <property name="sun.boot.library.path" value="C:\Program Files (x86)\Java\jdk1.6.0_22\jre\bin"/>
    <property name="java.vm.version" value="17.1-b03"/>
    <property name="java.vm.vendor" value="Sun Microsystems Inc."/>
    <property name="java.vendor.url" value="http://java.sun.com/"/>
    <property name="path.separator" value=";"/>
    <property name="java.vm.name" value="Java HotSpot(TM) Client VM"/>
    <property name="file.encoding.pkg" value="sun.io"/>
    <property name="user.country" value="US"/>
    <property name="sun.java.launcher" value="SUN_STANDARD"/>
    <property name="sun.os.patch.level" value=""/>
    <property name="java.vm.specification.name" value="Java Virtual Machine Specification"/>
    <property name="user.dir" value="C:\com.u14n\projects\com.u14n.model"/>
    <property name="java.runtime.version" value="1.6.0_22-b04"/>
    <property name="java.awt.graphicsenv" value="sun.awt.Win32GraphicsEnvironment"/>
    <property name="basedir" value="C:\com.u14n\projects\com.u14n.model"/>
    <property name="java.endorsed.dirs" value="C:\Program Files (x86)\Java\jdk1.6.0_22\jre\lib\endorsed"/>
    <property name="os.arch" value="x86"/>
    <property name="surefire.real.class.path" value="C:\Users\KLAUSW~1\AppData\Local\Temp\surefirebooter2003393496736674744.jar"/>
    <property name="java.io.tmpdir" value="C:\Users\KLAUSW~1\AppData\Local\Temp\"/>
    <property name="line.separator" value="
"/>
    <property name="java.vm.specification.vendor" value="Sun Microsystems Inc."/>
    <property name="user.variant" value=""/>
    <property name="os.name" value="Windows 7"/>
    <property name="sun.jnu.encoding" value="Cp1252"/>
    <property name="java.library.path" value="C:\Program Files (x86)\Java\jdk1.6.0_22\jre\bin;.;C:\Windows\Sun\Java\bin;C:\Windows\system32;C:\Windows;C:\Windows\system32;C:\Windows;C:\Windows\System32\Wbem;C:\Windows\System32\WindowsPowerShell\v1.0\;C:\Program Files (x86)\EgisTec MyWinLocker\x86;C:\Program Files (x86)\EgisTec MyWinLocker\x64;C:\Program Files (x86)\ATI Technologies\ATI.ACE\Core-Static;C:\Program Files (x86)\Acer Bio Protection\x64;C:\Program Files (x86)\Acer Bio Protection\;C:\Program Files\TortoiseSVN\bin;C:\Program Files\TortoiseGit\bin;C:\Program Files (x86)\TortoiseHg\;c:\Program Files (x86)\Microsoft SQL Server\100\Tools\Binn\;c:\Program Files\Microsoft SQL Server\100\Tools\Binn\;c:\Program Files\Microsoft SQL Server\100\DTS\Binn\;C:\Program Files (x86)\QuickTime\QTSystem\;C:\Program Files (x86)\CVSNT\;C:\Program Files (x86)\IDM Computer Solutions\UltraEdit\;C:\Program Files (x86)\IDM Computer Solutions\UltraCompare\;C:\Program Files (x86)\Java\jdk1.6.0_22\bin;C:\Ant\bin;C:\Maven\bin"/>
    <property name="surefire.test.class.path" value="C:\com.u14n\projects\com.u14n.model\target\test-classes;C:\com.u14n\projects\com.u14n.model\target\classes;C:\Users\Klaus Wenger\.m2\repository\maven\maven-aspectj-plugin\4.0\maven-aspectj-plugin-4.0.jar;C:\Users\Klaus Wenger\.m2\repository\aspectj\aspectjrt\1.5.0\aspectjrt-1.5.0.jar;C:\Users\Klaus Wenger\.m2\repository\aspectj\aspectjtools\1.5.0\aspectjtools-1.5.0.jar;C:\Users\Klaus Wenger\.m2\repository\junit\junit\3.8.2\junit-3.8.2.jar;C:\Users\Klaus Wenger\.m2\repository\commons-jelly\commons-jelly-tags-log\1.0\commons-jelly-tags-log-1.0.jar;C:\Users\Klaus Wenger\.m2\repository\org\aspectj\aspectjrt\1.6.7\aspectjrt-1.6.7.jar;C:\Users\Klaus Wenger\.m2\repository\org\codehaus\mojo\aspectj-maven-plugin\1.3\aspectj-maven-plugin-1.3.jar;C:\Users\Klaus Wenger\.m2\repository\org\codehaus\plexus\plexus-utils\1.5.15\plexus-utils-1.5.15.jar;C:\Users\Klaus Wenger\.m2\repository\org\apache\maven\maven-project\2.0\maven-project-2.0.jar;C:\Users\Klaus Wenger\.m2\repository\org\apache\maven\maven-profile\2.0\maven-profile-2.0.jar;C:\Users\Klaus Wenger\.m2\repository\org\apache\maven\maven-model\2.0\maven-model-2.0.jar;C:\Users\Klaus Wenger\.m2\repository\org\codehaus\plexus\plexus-container-default\1.0-alpha-8\plexus-container-default-1.0-alpha-8.jar;C:\Users\Klaus Wenger\.m2\repository\classworlds\classworlds\1.1-alpha-2\classworlds-1.1-alpha-2.jar;C:\Users\Klaus Wenger\.m2\repository\org\apache\maven\maven-artifact-manager\2.0\maven-artifact-manager-2.0.jar;C:\Users\Klaus Wenger\.m2\repository\org\apache\maven\maven-repository-metadata\2.0\maven-repository-metadata-2.0.jar;C:\Users\Klaus Wenger\.m2\repository\org\apache\maven\maven-artifact\2.0\maven-artifact-2.0.jar;C:\Users\Klaus Wenger\.m2\repository\org\apache\maven\wagon\wagon-provider-api\1.0-alpha-5\wagon-provider-api-1.0-alpha-5.jar;C:\Users\Klaus Wenger\.m2\repository\org\aspectj\aspectjtools\1.6.7\aspectjtools-1.6.7.jar;C:\Users\Klaus Wenger\.m2\repository\org\apache\maven\maven-plugin-api\2.0\maven-plugin-api-2.0.jar;C:\Users\Klaus Wenger\.m2\repository\org\apache\maven\reporting\maven-reporting-api\2.0\maven-reporting-api-2.0.jar;C:\Users\Klaus Wenger\.m2\repository\doxia\doxia-sink-api\1.0-alpha-4\doxia-sink-api-1.0-alpha-4.jar;C:\Users\Klaus Wenger\.m2\repository\org\apache\maven\reporting\maven-reporting-impl\2.0\maven-reporting-impl-2.0.jar;C:\Users\Klaus Wenger\.m2\repository\commons-validator\commons-validator\1.1.4\commons-validator-1.1.4.jar;C:\Users\Klaus Wenger\.m2\repository\oro\oro\2.0.7\oro-2.0.7.jar;C:\Users\Klaus Wenger\.m2\repository\doxia\doxia-core\1.0-alpha-4\doxia-core-1.0-alpha-4.jar;C:\Users\Klaus Wenger\.m2\repository\commons-lang\commons-lang\2.4\commons-lang-2.4.jar;C:\Program Files (x86)\Java\jdk1.6.0_22\jre\..\lib\tools.jar;C:\com.u14n\projects\com.damnhandy.aspects.bean\target\com.damnhandy.aspects.bean-0.0.1-SNAPSHOT.jar;C:\Users\Klaus Wenger\.m2\repository\com\jgoodies\binding\2.0.2\binding-2.0.2.jar;C:\Users\Klaus Wenger\.m2\repository\concurrent\concurrent\1.3.4\concurrent-1.3.4.jar;C:\Users\Klaus Wenger\.m2\repository\com\jgoodies\forms\1.2.1\forms-1.2.1.jar;C:\Users\Klaus Wenger\.m2\repository\javassist\javassist\3.1RC1\javassist-3.1RC1.jar;C:\Users\Klaus Wenger\.m2\repository\jboss\jboss-aop\2.0.0.alpha2\jboss-aop-2.0.0.alpha2.jar;C:\Users\Klaus Wenger\.m2\repository\jboss\jboss-common\4.0.4\jboss-common-4.0.4.jar;C:\Users\Klaus Wenger\.m2\repository\trove\trove\1.0.2\trove-1.0.2.jar;"/>
    <property name="java.specification.name" value="Java Platform API Specification"/>
    <property name="java.class.version" value="50.0"/>
    <property name="sun.management.compiler" value="HotSpot Client Compiler"/>
    <property name="os.version" value="6.1"/>
    <property name="user.home" value="C:\Users\Klaus Wenger"/>
    <property name="user.timezone" value="America/New_York"/>
    <property name="java.awt.printerjob" value="sun.awt.windows.WPrinterJob"/>
    <property name="java.specification.version" value="1.6"/>
    <property name="file.encoding" value="Cp1252"/>
    <property name="user.name" value="Klaus Wenger"/>
    <property name="java.class.path" value="C:\com.u14n\projects\com.u14n.model\target\test-classes;C:\com.u14n\projects\com.u14n.model\target\classes;C:\Users\Klaus Wenger\.m2\repository\maven\maven-aspectj-plugin\4.0\maven-aspectj-plugin-4.0.jar;C:\Users\Klaus Wenger\.m2\repository\aspectj\aspectjrt\1.5.0\aspectjrt-1.5.0.jar;C:\Users\Klaus Wenger\.m2\repository\aspectj\aspectjtools\1.5.0\aspectjtools-1.5.0.jar;C:\Users\Klaus Wenger\.m2\repository\junit\junit\3.8.2\junit-3.8.2.jar;C:\Users\Klaus Wenger\.m2\repository\commons-jelly\commons-jelly-tags-log\1.0\commons-jelly-tags-log-1.0.jar;C:\Users\Klaus Wenger\.m2\repository\org\aspectj\aspectjrt\1.6.7\aspectjrt-1.6.7.jar;C:\Users\Klaus Wenger\.m2\repository\org\codehaus\mojo\aspectj-maven-plugin\1.3\aspectj-maven-plugin-1.3.jar;C:\Users\Klaus Wenger\.m2\repository\org\codehaus\plexus\plexus-utils\1.5.15\plexus-utils-1.5.15.jar;C:\Users\Klaus Wenger\.m2\repository\org\apache\maven\maven-project\2.0\maven-project-2.0.jar;C:\Users\Klaus Wenger\.m2\repository\org\apache\maven\maven-profile\2.0\maven-profile-2.0.jar;C:\Users\Klaus Wenger\.m2\repository\org\apache\maven\maven-model\2.0\maven-model-2.0.jar;C:\Users\Klaus Wenger\.m2\repository\org\codehaus\plexus\plexus-container-default\1.0-alpha-8\plexus-container-default-1.0-alpha-8.jar;C:\Users\Klaus Wenger\.m2\repository\classworlds\classworlds\1.1-alpha-2\classworlds-1.1-alpha-2.jar;C:\Users\Klaus Wenger\.m2\repository\org\apache\maven\maven-artifact-manager\2.0\maven-artifact-manager-2.0.jar;C:\Users\Klaus Wenger\.m2\repository\org\apache\maven\maven-repository-metadata\2.0\maven-repository-metadata-2.0.jar;C:\Users\Klaus Wenger\.m2\repository\org\apache\maven\maven-artifact\2.0\maven-artifact-2.0.jar;C:\Users\Klaus Wenger\.m2\repository\org\apache\maven\wagon\wagon-provider-api\1.0-alpha-5\wagon-provider-api-1.0-alpha-5.jar;C:\Users\Klaus Wenger\.m2\repository\org\aspectj\aspectjtools\1.6.7\aspectjtools-1.6.7.jar;C:\Users\Klaus Wenger\.m2\repository\org\apache\maven\maven-plugin-api\2.0\maven-plugin-api-2.0.jar;C:\Users\Klaus Wenger\.m2\repository\org\apache\maven\reporting\maven-reporting-api\2.0\maven-reporting-api-2.0.jar;C:\Users\Klaus Wenger\.m2\repository\doxia\doxia-sink-api\1.0-alpha-4\doxia-sink-api-1.0-alpha-4.jar;C:\Users\Klaus Wenger\.m2\repository\org\apache\maven\reporting\maven-reporting-impl\2.0\maven-reporting-impl-2.0.jar;C:\Users\Klaus Wenger\.m2\repository\commons-validator\commons-validator\1.1.4\commons-validator-1.1.4.jar;C:\Users\Klaus Wenger\.m2\repository\oro\oro\2.0.7\oro-2.0.7.jar;C:\Users\Klaus Wenger\.m2\repository\doxia\doxia-core\1.0-alpha-4\doxia-core-1.0-alpha-4.jar;C:\Users\Klaus Wenger\.m2\repository\commons-lang\commons-lang\2.4\commons-lang-2.4.jar;C:\Program Files (x86)\Java\jdk1.6.0_22\jre\..\lib\tools.jar;C:\com.u14n\projects\com.damnhandy.aspects.bean\target\com.damnhandy.aspects.bean-0.0.1-SNAPSHOT.jar;C:\Users\Klaus Wenger\.m2\repository\com\jgoodies\binding\2.0.2\binding-2.0.2.jar;C:\Users\Klaus Wenger\.m2\repository\concurrent\concurrent\1.3.4\concurrent-1.3.4.jar;C:\Users\Klaus Wenger\.m2\repository\com\jgoodies\forms\1.2.1\forms-1.2.1.jar;C:\Users\Klaus Wenger\.m2\repository\javassist\javassist\3.1RC1\javassist-3.1RC1.jar;C:\Users\Klaus Wenger\.m2\repository\jboss\jboss-aop\2.0.0.alpha2\jboss-aop-2.0.0.alpha2.jar;C:\Users\Klaus Wenger\.m2\repository\jboss\jboss-common\4.0.4\jboss-common-4.0.4.jar;C:\Users\Klaus Wenger\.m2\repository\trove\trove\1.0.2\trove-1.0.2.jar;"/>
    <property name="java.vm.specification.version" value="1.0"/>
    <property name="sun.arch.data.model" value="32"/>
    <property name="java.home" value="C:\Program Files (x86)\Java\jdk1.6.0_22\jre"/>
    <property name="java.specification.vendor" value="Sun Microsystems Inc."/>
    <property name="user.language" value="en"/>
    <property name="awt.toolkit" value="sun.awt.windows.WToolkit"/>
    <property name="java.vm.info" value="mixed mode, sharing"/>
    <property name="java.version" value="1.6.0_22"/>
    <property name="java.ext.dirs" value="C:\Program Files (x86)\Java\jdk1.6.0_22\jre\lib\ext;C:\Windows\Sun\Java\lib\ext"/>
    <property name="sun.boot.class.path" value="C:\Program Files (x86)\Java\jdk1.6.0_22\jre\lib\resources.jar;C:\Program Files (x86)\Java\jdk1.6.0_22\jre\lib\rt.jar;C:\Program Files (x86)\Java\jdk1.6.0_22\jre\lib\sunrsasign.jar;C:\Program Files (x86)\Java\jdk1.6.0_22\jre\lib\jsse.jar;C:\Program Files (x86)\Java\jdk1.6.0_22\jre\lib\jce.jar;C:\Program Files (x86)\Java\jdk1.6.0_22\jre\lib\charsets.jar;C:\Program Files (x86)\Java\jdk1.6.0_22\jre\classes"/>
    <property name="java.vendor" value="Sun Microsystems Inc."/>
    <property name="localRepository" value="C:\Users\Klaus Wenger\.m2\repository"/>
    <property name="file.separator" value="\"/>
    <property name="java.vendor.url.bug" value="http://java.sun.com/cgi-bin/bugreport.cgi"/>
    <property name="sun.cpu.endian" value="little"/>
    <property name="sun.io.unicode.encoding" value="UnicodeLittle"/>
    <property name="sun.desktop" value="windows"/>
    <property name="sun.cpu.isalist" value="pentium_pro+mmx pentium_pro pentium+mmx pentium i486 i386 i86"/>
  </properties>
  <testcase time="0" classname="com.u14n.aspects.VerbosenessTest" name="testSyserrAccess"/>
  <testcase time="0.001" classname="com.u14n.aspects.VerbosenessTest" name="testSysoutAccess"/>
</testsuite>